        -:    0:Source:spex_cumsum.c
        -:    0:Graph:spex_cumsum.gcno
        -:    0:Data:-
        -:    0:Runs:0
        -:    1://------------------------------------------------------------------------------
        -:    2:// SPEX_CHOLMOD/spex_cumsum: cumulative sum
        -:    3://------------------------------------------------------------------------------
        -:    4:
        -:    5:// SPEX_CHOLMOD: (c) 2020-2021, Jinhao Chen, Timothy A. Davis, Erick
        -:    6:// Moreno-Centeno, Texas A&M University.  All Rights Reserved.  See
        -:    7:// SPEX_CHOLMOD/License for the license.
        -:    8:
        -:    9://------------------------------------------------------------------------------
        -:   10:
        -:   11:/* Purpose: p [0..n] = cumulative sum of c [0..n-1], and then copy p [0..n-1]
        -:   12: * in to c.  This function is lightly modified from CSparse.
        -:   13: */
        -:   14:
        -:   15:#include "spex_internal.h"
        -:   16:
    #####:   17:SPEX_info spex_cumsum
        -:   18:(
        -:   19:    int64_t *p,          // vector to store the sum of c
        -:   20:    int64_t *c,          // vector which is summed
        -:   21:    int64_t n            // size of c
        -:   22:)
        -:   23:{
        -:   24:
    #####:   25:    if (!p || !c) return SPEX_INCORRECT_INPUT;
        -:   26:
    #####:   27:    int64_t i, nz = 0 ;
    #####:   28:    for (i = 0 ; i < n ; i++)
        -:   29:    {
    #####:   30:        p [i] = nz ;
    #####:   31:        nz += c [i] ;
    #####:   32:        c [i] = p [i] ;
        -:   33:    }
    #####:   34:    p [n] = nz ;
    #####:   35:    return SPEX_OK ;
        -:   36:}
