        -:    0:Source:SPEX_malloc.c
        -:    0:Graph:SPEX_malloc.gcno
        -:    0:Data:-
        -:    0:Runs:0
        -:    1://------------------------------------------------------------------------------
        -:    2:// SPEX_CHOLMOD/SPEX_malloc: wrapper for malloc
        -:    3://------------------------------------------------------------------------------
        -:    4:
        -:    5:// SPEX_CHOLMOD: (c) 2020-2021, Jinhao Chen, Timothy A. Davis, Erick
        -:    6:// Moreno-Centeno, Texas A&M University.  All Rights Reserved.  See
        -:    7:// SPEX_CHOLMOD/License for the license.
        -:    8:
        -:    9://------------------------------------------------------------------------------
        -:   10:
        -:   11:// Allocate memory space for SPEX_CHOLMOD.
        -:   12:
        -:   13:#include "spex_internal.h"
        -:   14:
    #####:   15:void *SPEX_malloc
        -:   16:(
        -:   17:    size_t size        // size of memory space to allocate
        -:   18:)
        -:   19:{
    #####:   20:    if (!spex_initialized ( )) return (NULL) ;
    #####:   21:    return (SuiteSparse_malloc (1, size)) ;
        -:   22:}
        -:   23:
