        -:    0:Source:SPEX_vector_free.c
        -:    0:Graph:SPEX_vector_free.gcno
        -:    0:Data:-
        -:    0:Runs:0
        -:    1://------------------------------------------------------------------------------
        -:    2:// SPEX_CHOLMOD/SPEX_vector_free.c: free a vector.
        -:    3://------------------------------------------------------------------------------
        -:    4:
        -:    5:// SPEX_CHOLMOD: (c) 2020-2021, Jinhao Chen, Timothy A. Davis, Erick
        -:    6:// Moreno-Centeno, Texas A&M University.  All Rights Reserved.  See
        -:    7:// SPEX_CHOLMOD/License for the license.
        -:    8:
        -:    9://------------------------------------------------------------------------------
        -:   10:
        -:   11:// Purpose: This function is called to delete a vector.
        -:   12:
        -:   13:
        -:   14:#include "spex_internal.h"
        -:   15:
    #####:   16:void SPEX_vector_free
        -:   17:(
        -:   18:    SPEX_vector **v  // vector to be deleted
        -:   19:)
        -:   20:{
    #####:   21:    if(v == NULL || (*v) == NULL) {return;}
    #####:   22:    spex_delete_mpz_array(&((*v)->x), (*v)->nzmax);
    #####:   23:    SPEX_FREE((*v)->i);
    #####:   24:    SPEX_FREE(*v);
        -:   25:}
        -:   26:
