        -:    0:Source:spex_find_next_nz.c
        -:    0:Graph:spex_find_next_nz.gcno
        -:    0:Data:-
        -:    0:Runs:0
        -:    1://------------------------------------------------------------------------------
        -:    2:// SPEX_CHOLMOD/SPEX_find_next_nz.c: find the next index of next nz in given
        -:    3:// vector
        -:    4://------------------------------------------------------------------------------
        -:    5:
        -:    6:// SPEX_CHOLMOD: (c) 2020-2021, Jinhao Chen, Timothy A. Davis, Erick
        -:    7:// Moreno-Centeno, Texas A&M University.  All Rights Reserved.  See
        -:    8:// SPEX_CHOLMOD/License for the license.
        -:    9:
        -:   10://------------------------------------------------------------------------------
        -:   11:
        -:   12:// Purpose: This function is to find the row index of fisrt off diagonal of
        -:   13://          L(P,k) or the column index of the first off diagonal of U(k,Q)
        -:   14:
        -:   15:
        -:   16:#include "spex_internal.h"
        -:   17:
    #####:   18:SPEX_info spex_find_next_nz
        -:   19:(
        -:   20:    int64_t *next,                  // the col/row index of next nnz
        -:   21:    spex_scattered_vector *Ak_dense,// the scattered vector
        -:   22:    int64_t *perm_inv,              // inverse of permutation
        -:   23:    int64_t k
        -:   24:)
        -:   25:{
        -:   26:    SPEX_info info;
        -:   27:    int sgn;
        -:   28:    int64_t p, i;
    #####:   29:    *next = Ak_dense->nzmax;
        -:   30:
    #####:   31:    for (p = 0; p < Ak_dense->nz; p++)
        -:   32:    {
    #####:   33:        i = Ak_dense->i[p];
    #####:   34:        if (k == perm_inv[i]) { continue; }
        -:   35:
    #####:   36:        SPEX_CHECK(SPEX_mpz_sgn(&sgn, Ak_dense->x[i]));
    #####:   37:        if (sgn != 0 && perm_inv[i] < *next)
        -:   38:        {
    #####:   39:            *next = i;
        -:   40:        }
        -:   41:    }
    #####:   42:    return SPEX_OK;
        -:   43:}
