        -:    0:Source:SPEX_calloc.c
        -:    0:Graph:SPEX_calloc.gcno
        -:    0:Data:-
        -:    0:Runs:0
        -:    1://------------------------------------------------------------------------------
        -:    2:// SPEX_CHOLMOD/SPEX_calloc: wrapper for calloc
        -:    3://------------------------------------------------------------------------------
        -:    4:
        -:    5:// SPEX_CHOLMOD: (c) 2020-2021, Jinhao Chen, Timothy A. Davis, Erick
        -:    6:// Moreno-Centeno, Texas A&M University.  All Rights Reserved.  See
        -:    7:// SPEX_CHOLMOD/License for the license.
        -:    8:
        -:    9://------------------------------------------------------------------------------
        -:   10:
        -:   11:// Allocate and initialize memory space for SPEX_CHOLMOD.
        -:   12:
        -:   13:#include "spex_internal.h"
        -:   14:
    #####:   15:void *SPEX_calloc
        -:   16:(
        -:   17:    size_t nitems,      // number of items to allocate
        -:   18:    size_t size         // size of each item
        -:   19:)
        -:   20:{
    #####:   21:    if (!spex_initialized ( )) return (NULL) ;
        -:   22:
    #####:   23:    return (SuiteSparse_calloc (nitems, size)) ;
        -:   24:}
        -:   25:
