        -:    0:Source:spex_create_mpq_array.c
        -:    0:Graph:spex_create_mpq_array.gcno
        -:    0:Data:-
        -:    0:Runs:0
        -:    1://------------------------------------------------------------------------------
        -:    2:// SPEX_CHOLMOD/spex_create_mpq_array: create a dense mpq array
        -:    3://------------------------------------------------------------------------------
        -:    4:
        -:    5:// SPEX_CHOLMOD: (c) 2020-2021, Jinhao Chen, Timothy A. Davis, Erick
        -:    6:// Moreno-Centeno, Texas A&M University.  All Rights Reserved.  See
        -:    7:// SPEX_CHOLMOD/License for the license.
        -:    8:
        -:    9://------------------------------------------------------------------------------
        -:   10:
        -:   11:/* Purpose: This function creates an mpq array of size n, and initialize each of
        -:   12: * the mpq_t entries.
        -:   13: */
        -:   14:
        -:   15:#include "spex_internal.h"
        -:   16:
    #####:   17:mpq_t* spex_create_mpq_array
        -:   18:(
        -:   19:    int64_t n            // size of the array
        -:   20:)
        -:   21:{
        -:   22:
        -:   23:    //--------------------------------------------------------------------------
        -:   24:    // check inputs
        -:   25:    //--------------------------------------------------------------------------
        -:   26:
    #####:   27:    if (n <= 0) {return NULL;}
        -:   28:
        -:   29:    //--------------------------------------------------------------------------
        -:   30:
        -:   31:    // Malloc space
    #####:   32:    mpq_t* x = (mpq_t*) SPEX_calloc(n, sizeof(mpq_t));
    #####:   33:    if (!x) {return NULL;}
    #####:   34:    for (int64_t i = 0; i < n; i++)
        -:   35:    {
    #####:   36:        if (SPEX_mpq_init(x[i]) != SPEX_OK)
        -:   37:        {
        -:   38:            // Out of memory
    #####:   39:            SPEX_MPQ_SET_NULL(x[i]);
    #####:   40:            for (int64_t j = 0; j < n; j++)
        -:   41:            {
    #####:   42:                if ( x[j] != NULL)
        -:   43:                {
    #####:   44:                    SPEX_MPQ_CLEAR( x[j]);
        -:   45:                }
        -:   46:            }
    #####:   47:            SPEX_FREE(x);
    #####:   48:            return NULL;
        -:   49:        }
        -:   50:    }
    #####:   51:    return x;
        -:   52:}
